1519493714052	geckodriver	INFO	geckodriver 0.19.1
1519493714057	geckodriver	INFO	Listening on 127.0.0.1:59657
1519494800902	geckodriver	INFO	geckodriver 0.19.1
1519494800908	geckodriver	INFO	Listening on 127.0.0.1:52169
1519494801988	mozrunner::runner	INFO	Running command: "/usr/bin/firefox" "-marionette" "-profile" "/tmp/rust_mozprofile.s8NQKsIaDJ8R"
1519494802643	Marionette	INFO	Enabled via --marionette
JavaScript error: jar:file:///usr/lib/firefox/omni.ja!/components/addonsInfo.js, line 91: SyntaxError: "0"-prefixed octal literals and octal escape sequences are deprecated; for octal literals use the "0o" prefix instead
1519494804086	Marionette	INFO	Listening on port 38301
1519494804105	Marionette	WARN	TLS certificate errors will be ignored for this session
[Child 9413, Chrome_ChildThread] WARNING: pipe error (31): Connexion ré-initialisée par le correspondant: file /build/firefox-MqZXKo/firefox-58.0.1/ipc/chromium/src/chrome/common/ipc_channel_posix.cc, line 353
[Child 9413, Chrome_ChildThread] WARNING: pipe error (19): Connexion ré-initialisée par le correspondant: file /build/firefox-MqZXKo/firefox-58.0.1/ipc/chromium/src/chrome/common/ipc_channel_posix.cc, line 353
[Child 9413, Chrome_ChildThread] WARNING: pipe error (3): Connexion ré-initialisée par le correspondant: file /build/firefox-MqZXKo/firefox-58.0.1/ipc/chromium/src/chrome/common/ipc_channel_posix.cc, line 353
1519494814232	geckodriver	INFO	geckodriver 0.19.1
1519494814237	geckodriver	INFO	Listening on 127.0.0.1:45295
1519494815338	mozrunner::runner	INFO	Running command: "/usr/bin/firefox" "-marionette" "-profile" "/tmp/rust_mozprofile.rn4Bwlntc64M"
1519494815863	Marionette	INFO	Enabled via --marionette
JavaScript error: jar:file:///usr/lib/firefox/omni.ja!/components/addonsInfo.js, line 91: SyntaxError: "0"-prefixed octal literals and octal escape sequences are deprecated; for octal literals use the "0o" prefix instead
1519494817280	Marionette	INFO	Listening on port 35473
1519494817484	Marionette	WARN	TLS certificate errors will be ignored for this session
[Child 9680, Chrome_ChildThread] WARNING: pipe error (19): Connexion ré-initialisée par le correspondant: file /build/firefox-MqZXKo/firefox-58.0.1/ipc/chromium/src/chrome/common/ipc_channel_posix.cc, line 353
[Child 9680, Chrome_ChildThread] WARNING: pipe error (31): Connexion ré-initialisée par le correspondant: file /build/firefox-MqZXKo/firefox-58.0.1/ipc/chromium/src/chrome/common/ipc_channel_posix.cc, line 353
[Child 9680, Chrome_ChildThread] WARNING: pipe error (3): Connexion ré-initialisée par le correspondant: file /build/firefox-MqZXKo/firefox-58.0.1/ipc/chromium/src/chrome/common/ipc_channel_posix.cc, line 353
1519494823744	geckodriver	INFO	geckodriver 0.19.1
1519494823749	geckodriver	INFO	Listening on 127.0.0.1:60313
1519494824829	mozrunner::runner	INFO	Running command: "/usr/bin/firefox" "-marionette" "-profile" "/tmp/rust_mozprofile.YkNiGsDhMvuP"
1519494825338	Marionette	INFO	Enabled via --marionette
JavaScript error: jar:file:///usr/lib/firefox/omni.ja!/components/addonsInfo.js, line 91: SyntaxError: "0"-prefixed octal literals and octal escape sequences are deprecated; for octal literals use the "0o" prefix instead
1519494826666	Marionette	INFO	Listening on port 34007
1519494826738	Marionette	WARN	TLS certificate errors will be ignored for this session
[Child 9941, Chrome_ChildThread] WARNING: pipe error (19): Connexion ré-initialisée par le correspondant: file /build/firefox-MqZXKo/firefox-58.0.1/ipc/chromium/src/chrome/common/ipc_channel_posix.cc, line 353
[Child 9941, Chrome_ChildThread] WARNING: pipe error (3): Connexion ré-initialisée par le correspondant: file /build/firefox-MqZXKo/firefox-58.0.1/ipc/chromium/src/chrome/common/ipc_channel_posix.cc, line 353
1519494846937	geckodriver	INFO	geckodriver 0.19.1
1519494846941	geckodriver	INFO	Listening on 127.0.0.1:46765
1519494848029	mozrunner::runner	INFO	Running command: "/usr/bin/firefox" "-marionette" "-profile" "/tmp/rust_mozprofile.AMIM1Ar7o6VQ"
1519494848568	Marionette	INFO	Enabled via --marionette
JavaScript error: jar:file:///usr/lib/firefox/omni.ja!/components/addonsInfo.js, line 91: SyntaxError: "0"-prefixed octal literals and octal escape sequences are deprecated; for octal literals use the "0o" prefix instead
1519494849880	Marionette	INFO	Listening on port 41595
1519494849942	Marionette	WARN	TLS certificate errors will be ignored for this session
[Child 10261, Chrome_ChildThread] WARNING: pipe error (44): Connexion ré-initialisée par le correspondant: file /build/firefox-MqZXKo/firefox-58.0.1/ipc/chromium/src/chrome/common/ipc_channel_posix.cc, line 353
[Child 10261, Chrome_ChildThread] WARNING: pipe error (19): Connexion ré-initialisée par le correspondant: file /build/firefox-MqZXKo/firefox-58.0.1/ipc/chromium/src/chrome/common/ipc_channel_posix.cc, line 353
[Child 10261, Chrome_ChildThread] WARNING: pipe error (31): Connexion ré-initialisée par le correspondant: file /build/firefox-MqZXKo/firefox-58.0.1/ipc/chromium/src/chrome/common/ipc_channel_posix.cc, line 353
[Child 10261, Chrome_ChildThread] WARNING: pipe error (3): Connexion ré-initialisée par le correspondant: file /build/firefox-MqZXKo/firefox-58.0.1/ipc/chromium/src/chrome/common/ipc_channel_posix.cc, line 353
1519494859927	geckodriver	INFO	geckodriver 0.19.1
1519494859931	geckodriver	INFO	Listening on 127.0.0.1:56619
1519494861023	mozrunner::runner	INFO	Running command: "/usr/bin/firefox" "-marionette" "-profile" "/tmp/rust_mozprofile.7c2If157IlsE"
1519494861665	Marionette	INFO	Enabled via --marionette
JavaScript error: jar:file:///usr/lib/firefox/omni.ja!/components/addonsInfo.js, line 91: SyntaxError: "0"-prefixed octal literals and octal escape sequences are deprecated; for octal literals use the "0o" prefix instead
1519494862913	Marionette	INFO	Listening on port 39863
1519494862934	Marionette	WARN	TLS certificate errors will be ignored for this session
[Child 10539, Chrome_ChildThread] WARNING: pipe error (19): Connexion ré-initialisée par le correspondant: file /build/firefox-MqZXKo/firefox-58.0.1/ipc/chromium/src/chrome/common/ipc_channel_posix.cc, line 353
[Child 10539, Chrome_ChildThread] WARNING: pipe error (31): Connexion ré-initialisée par le correspondant: file /build/firefox-MqZXKo/firefox-58.0.1/ipc/chromium/src/chrome/common/ipc_channel_posix.cc, line 353
[Child 10539, Chrome_ChildThread] WARNING: pipe error (3): Connexion ré-initialisée par le correspondant: file /build/firefox-MqZXKo/firefox-58.0.1/ipc/chromium/src/chrome/common/ipc_channel_posix.cc, line 353
1519494872333	geckodriver	INFO	geckodriver 0.19.1
1519494872339	geckodriver	INFO	Listening on 127.0.0.1:49587
1519494873421	mozrunner::runner	INFO	Running command: "/usr/bin/firefox" "-marionette" "-profile" "/tmp/rust_mozprofile.KtdpP5cgS8ed"
1519494873919	Marionette	INFO	Enabled via --marionette
JavaScript error: jar:file:///usr/lib/firefox/omni.ja!/components/addonsInfo.js, line 91: SyntaxError: "0"-prefixed octal literals and octal escape sequences are deprecated; for octal literals use the "0o" prefix instead
1519494875418	Marionette	INFO	Listening on port 42369
1519494875446	Marionette	WARN	TLS certificate errors will be ignored for this session
[Child 10817, Chrome_ChildThread] WARNING: pipe error (19): Connexion ré-initialisée par le correspondant: file /build/firefox-MqZXKo/firefox-58.0.1/ipc/chromium/src/chrome/common/ipc_channel_posix.cc, line 353
[Child 10817, Chrome_ChildThread] WARNING: pipe error (31): Connexion ré-initialisée par le correspondant: file /build/firefox-MqZXKo/firefox-58.0.1/ipc/chromium/src/chrome/common/ipc_channel_posix.cc, line 353
[Child 10817, Chrome_ChildThread] WARNING: pipe error (3): Connexion ré-initialisée par le correspondant: file /build/firefox-MqZXKo/firefox-58.0.1/ipc/chromium/src/chrome/common/ipc_channel_posix.cc, line 353
1519495034524	geckodriver	INFO	geckodriver 0.19.1
1519495034529	geckodriver	INFO	Listening on 127.0.0.1:40761
1519495035618	mozrunner::runner	INFO	Running command: "/usr/bin/firefox" "-marionette" "-profile" "/tmp/rust_mozprofile.6oBnSiHoLS9X"
1519495036129	Marionette	INFO	Enabled via --marionette
JavaScript error: jar:file:///usr/lib/firefox/omni.ja!/components/addonsInfo.js, line 91: SyntaxError: "0"-prefixed octal literals and octal escape sequences are deprecated; for octal literals use the "0o" prefix instead
1519495037493	Marionette	INFO	Listening on port 36315
1519495037531	Marionette	WARN	TLS certificate errors will be ignored for this session
1519495051369	geckodriver	INFO	geckodriver 0.19.1
1519495051374	geckodriver	INFO	Listening on 127.0.0.1:59687
1519495052461	mozrunner::runner	INFO	Running command: "/usr/bin/firefox" "-marionette" "-profile" "/tmp/rust_mozprofile.FqGWbkMI15w9"
1519495052953	Marionette	INFO	Enabled via --marionette
JavaScript error: jar:file:///usr/lib/firefox/omni.ja!/components/addonsInfo.js, line 91: SyntaxError: "0"-prefixed octal literals and octal escape sequences are deprecated; for octal literals use the "0o" prefix instead
1519495054100	Marionette	INFO	Listening on port 44977
1519495054171	Marionette	WARN	TLS certificate errors will be ignored for this session
[GFX1-]: Receive IPC close with reason=AbnormalShutdown
[Child 12245, Chrome_ChildThread] WARNING: pipe error (3): Connexion ré-initialisée par le correspondant: file /build/firefox-MqZXKo/firefox-58.0.1/ipc/chromium/src/chrome/common/ipc_channel_posix.cc, line 353
[Child 12164, Chrome_ChildThread] WARNING: pipe error (20): Connexion ré-initialisée par le correspondant: file /build/firefox-MqZXKo/firefox-58.0.1/ipc/chromium/src/chrome/common/ipc_channel_posix.cc, line 353
[Child 12164, Chrome_ChildThread] WARNING: pipe error (31): Connexion ré-initialisée par le correspondant: file /build/firefox-MqZXKo/firefox-58.0.1/ipc/chromium/src/chrome/common/ipc_channel_posix.cc, line 353
[Child 12164, Chrome_ChildThread] WARNING: pipe error (3): Connexion ré-initialisée par le correspondant: file /build/firefox-MqZXKo/firefox-58.0.1/ipc/chromium/src/chrome/common/ipc_channel_posix.cc, line 353
1519495171410	geckodriver	INFO	geckodriver 0.19.1
1519495171415	geckodriver	INFO	Listening on 127.0.0.1:59497
1519495172498	mozrunner::runner	INFO	Running command: "/usr/bin/firefox" "-marionette" "-profile" "/tmp/rust_mozprofile.jB2LQD3mx1jk"
1519495173004	Marionette	INFO	Enabled via --marionette
JavaScript error: jar:file:///usr/lib/firefox/omni.ja!/components/addonsInfo.js, line 91: SyntaxError: "0"-prefixed octal literals and octal escape sequences are deprecated; for octal literals use the "0o" prefix instead
1519495174513	Marionette	INFO	Listening on port 45673
1519495174840	Marionette	WARN	TLS certificate errors will be ignored for this session
1519495185434	geckodriver	INFO	geckodriver 0.19.1
1519495185438	geckodriver	INFO	Listening on 127.0.0.1:45859
1519495186529	mozrunner::runner	INFO	Running command: "/usr/bin/firefox" "-marionette" "-profile" "/tmp/rust_mozprofile.Uq9R82G5k8uL"
1519495187033	Marionette	INFO	Enabled via --marionette
JavaScript error: jar:file:///usr/lib/firefox/omni.ja!/components/addonsInfo.js, line 91: SyntaxError: "0"-prefixed octal literals and octal escape sequences are deprecated; for octal literals use the "0o" prefix instead
1519495188274	Marionette	INFO	Listening on port 44615
1519495188344	Marionette	WARN	TLS certificate errors will be ignored for this session
1519495336340	geckodriver	INFO	geckodriver 0.19.1
1519495336345	geckodriver	INFO	Listening on 127.0.0.1:56125
1519495337429	mozrunner::runner	INFO	Running command: "/usr/bin/firefox" "-marionette" "-profile" "/tmp/rust_mozprofile.ptGECAbY6Lno"
1519495337977	Marionette	INFO	Enabled via --marionette
JavaScript error: jar:file:///usr/lib/firefox/omni.ja!/components/addonsInfo.js, line 91: SyntaxError: "0"-prefixed octal literals and octal escape sequences are deprecated; for octal literals use the "0o" prefix instead
1519495339172	Marionette	INFO	Listening on port 43857
1519495339240	Marionette	WARN	TLS certificate errors will be ignored for this session
1519495351007	geckodriver	INFO	geckodriver 0.19.1
1519495351012	geckodriver	INFO	Listening on 127.0.0.1:54671
1519495352099	mozrunner::runner	INFO	Running command: "/usr/bin/firefox" "-marionette" "-profile" "/tmp/rust_mozprofile.yoZuDzzrsWnf"
1519495352586	Marionette	INFO	Enabled via --marionette
JavaScript error: jar:file:///usr/lib/firefox/omni.ja!/components/addonsInfo.js, line 91: SyntaxError: "0"-prefixed octal literals and octal escape sequences are deprecated; for octal literals use the "0o" prefix instead
1519495353936	Marionette	INFO	Listening on port 41407
1519495354006	Marionette	WARN	TLS certificate errors will be ignored for this session
1519495377889	geckodriver	INFO	geckodriver 0.19.1
1519495377893	geckodriver	INFO	Listening on 127.0.0.1:40761
1519495378980	mozrunner::runner	INFO	Running command: "/usr/bin/firefox" "-marionette" "-profile" "/tmp/rust_mozprofile.NM4twjsJhYmo"
1519495379488	Marionette	INFO	Enabled via --marionette
JavaScript error: jar:file:///usr/lib/firefox/omni.ja!/components/addonsInfo.js, line 91: SyntaxError: "0"-prefixed octal literals and octal escape sequences are deprecated; for octal literals use the "0o" prefix instead
1519495380713	Marionette	INFO	Listening on port 41523
1519495380788	Marionette	WARN	TLS certificate errors will be ignored for this session
1519495402111	geckodriver	INFO	geckodriver 0.19.1
1519495402115	geckodriver	INFO	Listening on 127.0.0.1:58595
1519495403198	mozrunner::runner	INFO	Running command: "/usr/bin/firefox" "-marionette" "-profile" "/tmp/rust_mozprofile.3JTFisr2Yna1"
1519495403789	Marionette	INFO	Enabled via --marionette
JavaScript error: jar:file:///usr/lib/firefox/omni.ja!/components/addonsInfo.js, line 91: SyntaxError: "0"-prefixed octal literals and octal escape sequences are deprecated; for octal literals use the "0o" prefix instead
1519495405038	Marionette	INFO	Listening on port 44957
1519495405109	Marionette	WARN	TLS certificate errors will be ignored for this session
[Child 14978, Chrome_ChildThread] WARNING: pipe error (19): Connexion ré-initialisée par le correspondant: file /build/firefox-MqZXKo/firefox-58.0.1/ipc/chromium/src/chrome/common/ipc_channel_posix.cc, line 353
[Child 14978, Chrome_ChildThread] WARNING: pipe error (3): Connexion ré-initialisée par le correspondant: file /build/firefox-MqZXKo/firefox-58.0.1/ipc/chromium/src/chrome/common/ipc_channel_posix.cc, line 353
1519495464493	geckodriver	INFO	geckodriver 0.19.1
1519495464496	geckodriver	INFO	Listening on 127.0.0.1:47285
1519495465585	mozrunner::runner	INFO	Running command: "/usr/bin/firefox" "-marionette" "-profile" "/tmp/rust_mozprofile.imExXxUs5U78"
1519495466119	Marionette	INFO	Enabled via --marionette
JavaScript error: jar:file:///usr/lib/firefox/omni.ja!/components/addonsInfo.js, line 91: SyntaxError: "0"-prefixed octal literals and octal escape sequences are deprecated; for octal literals use the "0o" prefix instead
1519495467354	Marionette	INFO	Listening on port 33243
1519495467396	Marionette	WARN	TLS certificate errors will be ignored for this session
1519495486726	geckodriver	INFO	geckodriver 0.19.1
1519495486730	geckodriver	INFO	Listening on 127.0.0.1:43265
1519495487820	mozrunner::runner	INFO	Running command: "/usr/bin/firefox" "-marionette" "-profile" "/tmp/rust_mozprofile.bZV012MNh5HS"
1519495488337	Marionette	INFO	Enabled via --marionette
JavaScript error: jar:file:///usr/lib/firefox/omni.ja!/components/addonsInfo.js, line 91: SyntaxError: "0"-prefixed octal literals and octal escape sequences are deprecated; for octal literals use the "0o" prefix instead
1519495489647	Marionette	INFO	Listening on port 34933
1519495489728	Marionette	WARN	TLS certificate errors will be ignored for this session
1519495572244	geckodriver	INFO	geckodriver 0.19.1
1519495572247	geckodriver	INFO	Listening on 127.0.0.1:41199
1519495573370	mozrunner::runner	INFO	Running command: "/usr/bin/firefox" "-marionette" "-profile" "/tmp/rust_mozprofile.2MGRzjpHiK0L"
1519495573941	Marionette	INFO	Enabled via --marionette
JavaScript error: jar:file:///usr/lib/firefox/omni.ja!/components/addonsInfo.js, line 91: SyntaxError: "0"-prefixed octal literals and octal escape sequences are deprecated; for octal literals use the "0o" prefix instead
1519495575359	Marionette	INFO	Listening on port 38509
1519495575383	Marionette	WARN	TLS certificate errors will be ignored for this session
1519495582511	geckodriver	INFO	geckodriver 0.19.1
1519495582515	geckodriver	INFO	Listening on 127.0.0.1:59843
1519495583603	mozrunner::runner	INFO	Running command: "/usr/bin/firefox" "-marionette" "-profile" "/tmp/rust_mozprofile.B1L0fe25aynZ"
1519495584170	Marionette	INFO	Enabled via --marionette
JavaScript error: jar:file:///usr/lib/firefox/omni.ja!/components/addonsInfo.js, line 91: SyntaxError: "0"-prefixed octal literals and octal escape sequences are deprecated; for octal literals use the "0o" prefix instead
1519495585412	Marionette	INFO	Listening on port 35683
1519495585515	Marionette	WARN	TLS certificate errors will be ignored for this session
1519495720022	geckodriver	INFO	geckodriver 0.19.1
1519495720026	geckodriver	INFO	Listening on 127.0.0.1:53921
1519495721119	mozrunner::runner	INFO	Running command: "/usr/bin/firefox" "-marionette" "-profile" "/tmp/rust_mozprofile.k7JMN2ZlmLHm"
1519495721675	Marionette	INFO	Enabled via --marionette
JavaScript error: jar:file:///usr/lib/firefox/omni.ja!/components/addonsInfo.js, line 91: SyntaxError: "0"-prefixed octal literals and octal escape sequences are deprecated; for octal literals use the "0o" prefix instead
1519495723203	Marionette	INFO	Listening on port 44207
1519495723230	Marionette	WARN	TLS certificate errors will be ignored for this session
1519495741443	geckodriver	INFO	geckodriver 0.19.1
1519495741447	geckodriver	INFO	Listening on 127.0.0.1:38467
1519495742537	mozrunner::runner	INFO	Running command: "/usr/bin/firefox" "-marionette" "-profile" "/tmp/rust_mozprofile.tu6Vknqv4uz4"
1519495743046	Marionette	INFO	Enabled via --marionette
JavaScript error: jar:file:///usr/lib/firefox/omni.ja!/components/addonsInfo.js, line 91: SyntaxError: "0"-prefixed octal literals and octal escape sequences are deprecated; for octal literals use the "0o" prefix instead
1519495744327	Marionette	INFO	Listening on port 34981
1519495744357	Marionette	WARN	TLS certificate errors will be ignored for this session
1519495802974	geckodriver	INFO	geckodriver 0.19.1
1519495802979	geckodriver	INFO	Listening on 127.0.0.1:58983
1519495804068	mozrunner::runner	INFO	Running command: "/usr/bin/firefox" "-marionette" "-profile" "/tmp/rust_mozprofile.GWsGW08930ht"
1519495804600	Marionette	INFO	Enabled via --marionette
JavaScript error: jar:file:///usr/lib/firefox/omni.ja!/components/addonsInfo.js, line 91: SyntaxError: "0"-prefixed octal literals and octal escape sequences are deprecated; for octal literals use the "0o" prefix instead
1519495805936	Marionette	INFO	Listening on port 40059
1519495805978	Marionette	WARN	TLS certificate errors will be ignored for this session
1519495823913	geckodriver	INFO	geckodriver 0.19.1
1519495823918	geckodriver	INFO	Listening on 127.0.0.1:58409
1519495825006	mozrunner::runner	INFO	Running command: "/usr/bin/firefox" "-marionette" "-profile" "/tmp/rust_mozprofile.85QDdBDMfn1Z"
1519495825571	Marionette	INFO	Enabled via --marionette
JavaScript error: jar:file:///usr/lib/firefox/omni.ja!/components/addonsInfo.js, line 91: SyntaxError: "0"-prefixed octal literals and octal escape sequences are deprecated; for octal literals use the "0o" prefix instead
1519495827055	Marionette	INFO	Listening on port 35949
1519495827126	Marionette	WARN	TLS certificate errors will be ignored for this session
[GFX1-]: Receive IPC close with reason=AbnormalShutdown
[Child 18537, Chrome_ChildThread] WARNING: pipe error (19): Connexion ré-initialisée par le correspondant: file /build/firefox-MqZXKo/firefox-58.0.1/ipc/chromium/src/chrome/common/ipc_channel_posix.cc, line 353
[Child 18537, Chrome_ChildThread] WARNING: pipe error (3): Connexion ré-initialisée par le correspondant: file /build/firefox-MqZXKo/firefox-58.0.1/ipc/chromium/src/chrome/common/ipc_channel_posix.cc, line 353
1519495842020	geckodriver	INFO	geckodriver 0.19.1
1519495842025	geckodriver	INFO	Listening on 127.0.0.1:44621
1519495843116	mozrunner::runner	INFO	Running command: "/usr/bin/firefox" "-marionette" "-profile" "/tmp/rust_mozprofile.pbnskFuagPkJ"
1519495843675	Marionette	INFO	Enabled via --marionette
JavaScript error: jar:file:///usr/lib/firefox/omni.ja!/components/addonsInfo.js, line 91: SyntaxError: "0"-prefixed octal literals and octal escape sequences are deprecated; for octal literals use the "0o" prefix instead
1519495845217	Marionette	INFO	Listening on port 44361
1519495845251	Marionette	WARN	TLS certificate errors will be ignored for this session
[Child 18828, Chrome_ChildThread] WARNING: pipe error (19): Connexion ré-initialisée par le correspondant: file /build/firefox-MqZXKo/firefox-58.0.1/ipc/chromium/src/chrome/common/ipc_channel_posix.cc, line 353
[Child 18828, Chrome_ChildThread] WARNING: pipe error (30): Connexion ré-initialisée par le correspondant: file /build/firefox-MqZXKo/firefox-58.0.1/ipc/chromium/src/chrome/common/ipc_channel_posix.cc, line 353
[Child 18828, Chrome_ChildThread] WARNING: pipe error (3): Connexion ré-initialisée par le correspondant: file /build/firefox-MqZXKo/firefox-58.0.1/ipc/chromium/src/chrome/common/ipc_channel_posix.cc, line 353
1519495851911	geckodriver	INFO	geckodriver 0.19.1
1519495851915	geckodriver	INFO	Listening on 127.0.0.1:49199
1519495853007	mozrunner::runner	INFO	Running command: "/usr/bin/firefox" "-marionette" "-profile" "/tmp/rust_mozprofile.v99kIRvhSHlJ"
1519495853653	Marionette	INFO	Enabled via --marionette
JavaScript error: jar:file:///usr/lib/firefox/omni.ja!/components/addonsInfo.js, line 91: SyntaxError: "0"-prefixed octal literals and octal escape sequences are deprecated; for octal literals use the "0o" prefix instead
1519495855330	Marionette	INFO	Listening on port 38683
1519495855533	Marionette	WARN	TLS certificate errors will be ignored for this session
[Child 19095, Chrome_ChildThread] WARNING: pipe error (19): Connexion ré-initialisée par le correspondant: file /build/firefox-MqZXKo/firefox-58.0.1/ipc/chromium/src/chrome/common/ipc_channel_posix.cc, line 353
[Child 19095, Chrome_ChildThread] WARNING: pipe error (3): Connexion ré-initialisée par le correspondant: file /build/firefox-MqZXKo/firefox-58.0.1/ipc/chromium/src/chrome/common/ipc_channel_posix.cc, line 353
1519495930208	geckodriver	INFO	geckodriver 0.19.1
1519495930212	geckodriver	INFO	Listening on 127.0.0.1:41291
1519495931299	mozrunner::runner	INFO	Running command: "/usr/bin/firefox" "-marionette" "-profile" "/tmp/rust_mozprofile.hHIeRkvWpTlm"
1519495931823	Marionette	INFO	Enabled via --marionette
JavaScript error: jar:file:///usr/lib/firefox/omni.ja!/components/addonsInfo.js, line 91: SyntaxError: "0"-prefixed octal literals and octal escape sequences are deprecated; for octal literals use the "0o" prefix instead
1519495933063	Marionette	INFO	Listening on port 43811
1519495933113	Marionette	WARN	TLS certificate errors will be ignored for this session
1519496010995	geckodriver	INFO	geckodriver 0.19.1
1519496011001	geckodriver	INFO	Listening on 127.0.0.1:55299
1519496012089	mozrunner::runner	INFO	Running command: "/usr/bin/firefox" "-marionette" "-profile" "/tmp/rust_mozprofile.o6jMpswF1XsG"
1519496012681	Marionette	INFO	Enabled via --marionette
JavaScript error: jar:file:///usr/lib/firefox/omni.ja!/components/addonsInfo.js, line 91: SyntaxError: "0"-prefixed octal literals and octal escape sequences are deprecated; for octal literals use the "0o" prefix instead
1519496014428	Marionette	INFO	Listening on port 36289
1519496014542	Marionette	WARN	TLS certificate errors will be ignored for this session
1519496021546	geckodriver	INFO	geckodriver 0.19.1
1519496021549	geckodriver	INFO	Listening on 127.0.0.1:34515
1519496022641	mozrunner::runner	INFO	Running command: "/usr/bin/firefox" "-marionette" "-profile" "/tmp/rust_mozprofile.GEgOc2NJvOk6"
1519496023291	Marionette	INFO	Enabled via --marionette
JavaScript error: jar:file:///usr/lib/firefox/omni.ja!/components/addonsInfo.js, line 91: SyntaxError: "0"-prefixed octal literals and octal escape sequences are deprecated; for octal literals use the "0o" prefix instead
1519496024677	Marionette	INFO	Listening on port 33993
1519496024850	Marionette	WARN	TLS certificate errors will be ignored for this session
1519496084982	geckodriver	INFO	geckodriver 0.19.1
1519496084984	geckodriver	INFO	Listening on 127.0.0.1:57815
1519496086077	mozrunner::runner	INFO	Running command: "/usr/bin/firefox" "-marionette" "-profile" "/tmp/rust_mozprofile.07iVGmebWPlf"
1519496086652	Marionette	INFO	Enabled via --marionette
JavaScript error: jar:file:///usr/lib/firefox/omni.ja!/components/addonsInfo.js, line 91: SyntaxError: "0"-prefixed octal literals and octal escape sequences are deprecated; for octal literals use the "0o" prefix instead
1519496088058	Marionette	INFO	Listening on port 37267
1519496088096	Marionette	WARN	TLS certificate errors will be ignored for this session
1519496106302	geckodriver	INFO	geckodriver 0.19.1
1519496106306	geckodriver	INFO	Listening on 127.0.0.1:33719
1519496107392	mozrunner::runner	INFO	Running command: "/usr/bin/firefox" "-marionette" "-profile" "/tmp/rust_mozprofile.JkzInFrspe2r"
1519496107926	Marionette	INFO	Enabled via --marionette
JavaScript error: jar:file:///usr/lib/firefox/omni.ja!/components/addonsInfo.js, line 91: SyntaxError: "0"-prefixed octal literals and octal escape sequences are deprecated; for octal literals use the "0o" prefix instead
1519496109580	Marionette	INFO	Listening on port 37701
1519496109605	Marionette	WARN	TLS certificate errors will be ignored for this session
[Child 21296, Chrome_ChildThread] WARNING: pipe error (19): Connexion ré-initialisée par le correspondant: file /build/firefox-MqZXKo/firefox-58.0.1/ipc/chromium/src/chrome/common/ipc_channel_posix.cc, line 353
[Child 21296, Chrome_ChildThread] WARNING: pipe error (3): Connexion ré-initialisée par le correspondant: file /build/firefox-MqZXKo/firefox-58.0.1/ipc/chromium/src/chrome/common/ipc_channel_posix.cc, line 353
1519496128851	geckodriver	INFO	geckodriver 0.19.1
1519496128856	geckodriver	INFO	Listening on 127.0.0.1:40781
1519496129941	mozrunner::runner	INFO	Running command: "/usr/bin/firefox" "-marionette" "-profile" "/tmp/rust_mozprofile.6CEAdO2EZdYb"
1519496130495	Marionette	INFO	Enabled via --marionette
JavaScript error: jar:file:///usr/lib/firefox/omni.ja!/components/addonsInfo.js, line 91: SyntaxError: "0"-prefixed octal literals and octal escape sequences are deprecated; for octal literals use the "0o" prefix instead
1519496131781	Marionette	INFO	Listening on port 33277
1519496131891	Marionette	WARN	TLS certificate errors will be ignored for this session
1519496233774	geckodriver	INFO	geckodriver 0.19.1
1519496233778	geckodriver	INFO	Listening on 127.0.0.1:57297
1519496234862	mozrunner::runner	INFO	Running command: "/usr/bin/firefox" "-marionette" "-profile" "/tmp/rust_mozprofile.itCENMzmMdhG"
1519496235409	Marionette	INFO	Enabled via --marionette
JavaScript error: jar:file:///usr/lib/firefox/omni.ja!/components/addonsInfo.js, line 91: SyntaxError: "0"-prefixed octal literals and octal escape sequences are deprecated; for octal literals use the "0o" prefix instead
1519496236840	Marionette	INFO	Listening on port 34127
1519496236875	Marionette	WARN	TLS certificate errors will be ignored for this session
[Child 22321, Chrome_ChildThread] WARNING: pipe error (19): Connexion ré-initialisée par le correspondant: file /build/firefox-MqZXKo/firefox-58.0.1/ipc/chromium/src/chrome/common/ipc_channel_posix.cc, line 353
[Child 22321, Chrome_ChildThread] WARNING: pipe error (3): Connexion ré-initialisée par le correspondant: file /build/firefox-MqZXKo/firefox-58.0.1/ipc/chromium/src/chrome/common/ipc_channel_posix.cc, line 353
1519496280092	geckodriver	INFO	geckodriver 0.19.1
1519496280097	geckodriver	INFO	Listening on 127.0.0.1:38241
1519496281184	mozrunner::runner	INFO	Running command: "/usr/bin/firefox" "-marionette" "-profile" "/tmp/rust_mozprofile.MWgqNyhNWHsi"
1519496281713	Marionette	INFO	Enabled via --marionette
JavaScript error: jar:file:///usr/lib/firefox/omni.ja!/components/addonsInfo.js, line 91: SyntaxError: "0"-prefixed octal literals and octal escape sequences are deprecated; for octal literals use the "0o" prefix instead
1519496282988	Marionette	INFO	Listening on port 36349
1519496282994	Marionette	WARN	TLS certificate errors will be ignored for this session
[Child 22756, Chrome_ChildThread] WARNING: pipe error (19): Connexion ré-initialisée par le correspondant: file /build/firefox-MqZXKo/firefox-58.0.1/ipc/chromium/src/chrome/common/ipc_channel_posix.cc, line 353
[Child 22756, Chrome_ChildThread] WARNING: pipe error (31): Connexion ré-initialisée par le correspondant: file /build/firefox-MqZXKo/firefox-58.0.1/ipc/chromium/src/chrome/common/ipc_channel_posix.cc, line 353
[Child 22756, Chrome_ChildThread] WARNING: pipe error (3): Connexion ré-initialisée par le correspondant: file /build/firefox-MqZXKo/firefox-58.0.1/ipc/chromium/src/chrome/common/ipc_channel_posix.cc, line 353
1519496300759	geckodriver	INFO	geckodriver 0.19.1
1519496300765	geckodriver	INFO	Listening on 127.0.0.1:52129
1519496301845	mozrunner::runner	INFO	Running command: "/usr/bin/firefox" "-marionette" "-profile" "/tmp/rust_mozprofile.3fZciDzdJMmX"
1519496302352	Marionette	INFO	Enabled via --marionette
JavaScript error: jar:file:///usr/lib/firefox/omni.ja!/components/addonsInfo.js, line 91: SyntaxError: "0"-prefixed octal literals and octal escape sequences are deprecated; for octal literals use the "0o" prefix instead
1519496303704	Marionette	INFO	Listening on port 35519
1519496303755	Marionette	WARN	TLS certificate errors will be ignored for this session
[Child 23064, Chrome_ChildThread] WARNING: pipe error (19): Connexion ré-initialisée par le correspondant: file /build/firefox-MqZXKo/firefox-58.0.1/ipc/chromium/src/chrome/common/ipc_channel_posix.cc, line 353
[Child 23064, Chrome_ChildThread] WARNING: pipe error (3): Connexion ré-initialisée par le correspondant: file /build/firefox-MqZXKo/firefox-58.0.1/ipc/chromium/src/chrome/common/ipc_channel_posix.cc, line 353
1519496391958	geckodriver	INFO	geckodriver 0.19.1
1519496391961	geckodriver	INFO	Listening on 127.0.0.1:33391
1519496393046	mozrunner::runner	INFO	Running command: "/usr/bin/firefox" "-marionette" "-profile" "/tmp/rust_mozprofile.cm6nuMMhlCis"
1519496393576	Marionette	INFO	Enabled via --marionette
JavaScript error: jar:file:///usr/lib/firefox/omni.ja!/components/addonsInfo.js, line 91: SyntaxError: "0"-prefixed octal literals and octal escape sequences are deprecated; for octal literals use the "0o" prefix instead
1519496395020	Marionette	INFO	Listening on port 41711
1519496395064	Marionette	WARN	TLS certificate errors will be ignored for this session
1519496401185	geckodriver	INFO	geckodriver 0.19.1
1519496401189	geckodriver	INFO	Listening on 127.0.0.1:37769
1519496402279	mozrunner::runner	INFO	Running command: "/usr/bin/firefox" "-marionette" "-profile" "/tmp/rust_mozprofile.rbgYsaS2mDcs"
1519496402869	Marionette	INFO	Enabled via --marionette
JavaScript error: jar:file:///usr/lib/firefox/omni.ja!/components/addonsInfo.js, line 91: SyntaxError: "0"-prefixed octal literals and octal escape sequences are deprecated; for octal literals use the "0o" prefix instead
1519496404460	Marionette	INFO	Listening on port 37065
1519496404492	Marionette	WARN	TLS certificate errors will be ignored for this session
1519496417929	geckodriver	INFO	geckodriver 0.19.1
1519496417933	geckodriver	INFO	Listening on 127.0.0.1:49163
1519496419018	mozrunner::runner	INFO	Running command: "/usr/bin/firefox" "-marionette" "-profile" "/tmp/rust_mozprofile.MI2Bbnyupgbq"
1519496419576	Marionette	INFO	Enabled via --marionette
JavaScript error: jar:file:///usr/lib/firefox/omni.ja!/components/addonsInfo.js, line 91: SyntaxError: "0"-prefixed octal literals and octal escape sequences are deprecated; for octal literals use the "0o" prefix instead
1519496420903	Marionette	INFO	Listening on port 35189
1519496420927	Marionette	WARN	TLS certificate errors will be ignored for this session
1519496427625	geckodriver	INFO	geckodriver 0.19.1
1519496427629	geckodriver	INFO	Listening on 127.0.0.1:51751
1519496428717	mozrunner::runner	INFO	Running command: "/usr/bin/firefox" "-marionette" "-profile" "/tmp/rust_mozprofile.AEZO7hthmkMV"
1519496429278	Marionette	INFO	Enabled via --marionette
JavaScript error: jar:file:///usr/lib/firefox/omni.ja!/components/addonsInfo.js, line 91: SyntaxError: "0"-prefixed octal literals and octal escape sequences are deprecated; for octal literals use the "0o" prefix instead
1519496430842	Marionette	INFO	Listening on port 44809
1519496430927	Marionette	WARN	TLS certificate errors will be ignored for this session
[GFX1-]: Receive IPC close with reason=AbnormalShutdown
[Child 24563, Chrome_ChildThread] WARNING: pipe error (3): Connexion ré-initialisée par le correspondant: file /build/firefox-MqZXKo/firefox-58.0.1/ipc/chromium/src/chrome/common/ipc_channel_posix.cc, line 353
[Child 24489, Chrome_ChildThread] WARNING: pipe error (31): Connexion ré-initialisée par le correspondant: file /build/firefox-MqZXKo/firefox-58.0.1/ipc/chromium/src/chrome/common/ipc_channel_posix.cc, line 353
[Child 24489, Chrome_ChildThread] WARNING: pipe error (19): Connexion ré-initialisée par le correspondant: file /build/firefox-MqZXKo/firefox-58.0.1/ipc/chromium/src/chrome/common/ipc_channel_posix.cc, line 353
[Child 24489, Chrome_ChildThread] WARNING: pipe error (3): Connexion ré-initialisée par le correspondant: file /build/firefox-MqZXKo/firefox-58.0.1/ipc/chromium/src/chrome/common/ipc_channel_posix.cc, line 353
1519496472111	geckodriver	INFO	geckodriver 0.19.1
1519496472116	geckodriver	INFO	Listening on 127.0.0.1:42093
1519496473205	mozrunner::runner	INFO	Running command: "/usr/bin/firefox" "-marionette" "-profile" "/tmp/rust_mozprofile.XKiMSbIkZKka"
1519496473735	Marionette	INFO	Enabled via --marionette
JavaScript error: jar:file:///usr/lib/firefox/omni.ja!/components/addonsInfo.js, line 91: SyntaxError: "0"-prefixed octal literals and octal escape sequences are deprecated; for octal literals use the "0o" prefix instead
1519496474994	Marionette	INFO	Listening on port 41141
1519496475015	Marionette	WARN	TLS certificate errors will be ignored for this session
[Child 24897, Chrome_ChildThread] WARNING: pipe error (19): Connexion ré-initialisée par le correspondant: file /build/firefox-MqZXKo/firefox-58.0.1/ipc/chromium/src/chrome/common/ipc_channel_posix.cc, line 353
[Child 24897, Chrome_ChildThread] WARNING: pipe error (3): Connexion ré-initialisée par le correspondant: file /build/firefox-MqZXKo/firefox-58.0.1/ipc/chromium/src/chrome/common/ipc_channel_posix.cc, line 353
1519496580441	geckodriver	INFO	geckodriver 0.19.1
1519496580445	geckodriver	INFO	Listening on 127.0.0.1:51515
1519496581537	mozrunner::runner	INFO	Running command: "/usr/bin/firefox" "-marionette" "-profile" "/tmp/rust_mozprofile.clDlZoDbLWrW"
1519496582121	Marionette	INFO	Enabled via --marionette
JavaScript error: jar:file:///usr/lib/firefox/omni.ja!/components/addonsInfo.js, line 91: SyntaxError: "0"-prefixed octal literals and octal escape sequences are deprecated; for octal literals use the "0o" prefix instead
1519496583505	Marionette	INFO	Listening on port 42509
1519496583549	Marionette	WARN	TLS certificate errors will be ignored for this session
[Child 25607, Chrome_ChildThread] WARNING: pipe error (19): Connexion ré-initialisée par le correspondant: file /build/firefox-MqZXKo/firefox-58.0.1/ipc/chromium/src/chrome/common/ipc_channel_posix.cc, line 353
[Child 25607, Chrome_ChildThread] WARNING: pipe error (31): Connexion ré-initialisée par le correspondant: file /build/firefox-MqZXKo/firefox-58.0.1/ipc/chromium/src/chrome/common/ipc_channel_posix.cc, line 353
[Child 25607, Chrome_ChildThread] WARNING: pipe error (3): Connexion ré-initialisée par le correspondant: file /build/firefox-MqZXKo/firefox-58.0.1/ipc/chromium/src/chrome/common/ipc_channel_posix.cc, line 353
1519496663036	geckodriver	INFO	geckodriver 0.19.1
1519496663040	geckodriver	INFO	Listening on 127.0.0.1:33461
1519496664123	mozrunner::runner	INFO	Running command: "/usr/bin/firefox" "-marionette" "-profile" "/tmp/rust_mozprofile.TnTRko4nLdCY"
1519496664682	Marionette	INFO	Enabled via --marionette
JavaScript error: jar:file:///usr/lib/firefox/omni.ja!/components/addonsInfo.js, line 91: SyntaxError: "0"-prefixed octal literals and octal escape sequences are deprecated; for octal literals use the "0o" prefix instead
Gdk-Message: /usr/lib/firefox/firefox: Fatal IO error 11 (Ressource temporairement non disponible) on X server :1061.

Gdk-Message: /usr/lib/firefox/firefox: Fatal IO error 11 (Ressource temporairement non disponible) on X server :1097.

Gdk-Message: /usr/lib/firefox/firefox: Fatal IO error 11 (Ressource temporairement non disponible) on X server :1041.

Gdk-Message: /usr/lib/firefox/firefox: Fatal IO error 11 (Ressource temporairement non disponible) on X server :1097.

Gdk-Message: /usr/lib/firefox/firefox: Fatal IO error 11 (Ressource temporairement non disponible) on X server :1173.

Gdk-Message: /usr/lib/firefox/firefox: Fatal IO error 11 (Ressource temporairement non disponible) on X server :1093.

Gdk-Message: /usr/lib/firefox/firefox: Fatal IO error 11 (Ressource temporairement non disponible) on X server :1173.

Gdk-Message: /usr/lib/firefox/firefox: Fatal IO error 11 (Ressource temporairement non disponible) on X server :1153.

Gdk-Message: /usr/lib/firefox/firefox: Fatal IO error 11 (Ressource temporairement non disponible) on X server :1053.

Gdk-Message: /usr/lib/firefox/firefox: Fatal IO error 11 (Ressource temporairement non disponible) on X server :1041.

Gdk-Message: /usr/lib/firefox/firefox: Fatal IO error 11 (Ressource temporairement non disponible) on X server :1089.

Gdk-Message: /usr/lib/firefox/firefox: Fatal IO error 11 (Ressource temporairement non disponible) on X server :1081.

Gdk-Message: /usr/lib/firefox/firefox: Fatal IO error 11 (Ressource temporairement non disponible) on X server :1117.

Gdk-Message: /usr/lib/firefox/firefox: Fatal IO error 11 (Ressource temporairement non disponible) on X server :1113.

Gdk-Message: /usr/lib/firefox/firefox: Fatal IO error 11 (Ressource temporairement non disponible) on X server :1057.

Gdk-Message: /usr/lib/firefox/firefox: Fatal IO error 11 (Ressource temporairement non disponible) on X server :1073.

Gdk-Message: /usr/lib/firefox/firefox: Fatal IO error 11 (Ressource temporairement non disponible) on X server :1085.

Gdk-Message: /usr/lib/firefox/firefox: Fatal IO error 11 (Ressource temporairement non disponible) on X server :1049.

Gdk-Message: /usr/lib/firefox/firefox: Fatal IO error 11 (Ressource temporairement non disponible) on X server :1089.

Gdk-Message: /usr/lib/firefox/firefox: Fatal IO error 11 (Ressource temporairement non disponible) on X server :1121.

Gdk-Message: /usr/lib/firefox/firefox: Fatal IO error 11 (Ressource temporairement non disponible) on X server :1133.

Gdk-Message: /usr/lib/firefox/firefox: Fatal IO error 11 (Ressource temporairement non disponible) on X server :1073.

Gdk-Message: /usr/lib/firefox/firefox: Fatal IO error 11 (Ressource temporairement non disponible) on X server :1157.

Gdk-Message: /usr/lib/firefox/firefox: Fatal IO error 11 (Ressource temporairement non disponible) on X server :1121.

Gdk-Message: /usr/lib/firefox/firefox: Fatal IO error 11 (Ressource temporairement non disponible) on X server :1157.

Gdk-Message: /usr/lib/firefox/firefox: Fatal IO error 11 (Ressource temporairement non disponible) on X server :1153.

Gdk-Message: /usr/lib/firefox/firefox: Fatal IO error 11 (Ressource temporairement non disponible) on X server :1149.

Gdk-Message: /usr/lib/firefox/firefox: Fatal IO error 11 (Ressource temporairement non disponible) on X server :1081.

Gdk-Message: /usr/lib/firefox/firefox: Fatal IO error 11 (Ressource temporairement non disponible) on X server :1057.

Gdk-Message: /usr/lib/firefox/firefox: Fatal IO error 11 (Ressource temporairement non disponible) on X server :1065.

Gdk-Message: /usr/lib/firefox/firefox: Fatal IO error 11 (Ressource temporairement non disponible) on X server :1065.

Gdk-Message: /usr/lib/firefox/firefox: Fatal IO error 11 (Ressource temporairement non disponible) on X server :1125.

Gdk-Message: /usr/lib/firefox/firefox: Fatal IO error 11 (Ressource temporairement non disponible) on X server :1085.

Gdk-Message: /usr/lib/firefox/firefox: Fatal IO error 11 (Ressource temporairement non disponible) on X server :1077.

Gdk-Message: /usr/lib/firefox/firefox: Fatal IO error 11 (Ressource temporairement non disponible) on X server :1077.

Gdk-Message: /usr/lib/firefox/firefox: Fatal IO error 11 (Ressource temporairement non disponible) on X server :1061.

Gdk-Message: /usr/lib/firefox/firefox: Fatal IO error 11 (Ressource temporairement non disponible) on X server :1125.

Gdk-Message: /usr/lib/firefox/firefox: Fatal IO error 11 (Ressource temporairement non disponible) on X server :1093.

Gdk-Message: /usr/lib/firefox/firefox: Fatal IO error 11 (Ressource temporairement non disponible) on X server :1149.

Gdk-Message: /usr/lib/firefox/firefox: Fatal IO error 11 (Ressource temporairement non disponible) on X server :1113.

Gdk-Message: /usr/lib/firefox/firefox: Fatal IO error 11 (Ressource temporairement non disponible) on X server :1133.

Gdk-Message: /usr/lib/firefox/firefox: Fatal IO error 11 (Ressource temporairement non disponible) on X server :1049.

Gdk-Message: /usr/lib/firefox/firefox: Fatal IO error 11 (Ressource temporairement non disponible) on X server :1117.

Gdk-Message: /usr/lib/firefox/firefox: Fatal IO error 11 (Ressource temporairement non disponible) on X server :1053.

1519496761884	geckodriver	INFO	geckodriver 0.19.1
1519496761888	geckodriver	INFO	Listening on 127.0.0.1:34959
1519496762966	mozrunner::runner	INFO	Running command: "/usr/bin/firefox" "-marionette" "-profile" "/tmp/rust_mozprofile.Tvg3ETKEX3VM"
1519496763476	Marionette	INFO	Enabled via --marionette
JavaScript error: jar:file:///usr/lib/firefox/omni.ja!/components/addonsInfo.js, line 91: SyntaxError: "0"-prefixed octal literals and octal escape sequences are deprecated; for octal literals use the "0o" prefix instead
1519496764753	Marionette	INFO	Listening on port 34439
1519496764782	Marionette	WARN	TLS certificate errors will be ignored for this session
[Child 26820, Chrome_ChildThread] WARNING: pipe error (20): Connexion ré-initialisée par le correspondant: file /build/firefox-MqZXKo/firefox-58.0.1/ipc/chromium/src/chrome/common/ipc_channel_posix.cc, line 353
[Child 26820, Chrome_ChildThread] WARNING: pipe error (31): Connexion ré-initialisée par le correspondant: file /build/firefox-MqZXKo/firefox-58.0.1/ipc/chromium/src/chrome/common/ipc_channel_posix.cc, line 353
[Child 26820, Chrome_ChildThread] WARNING: pipe error (3): Connexion ré-initialisée par le correspondant: file /build/firefox-MqZXKo/firefox-58.0.1/ipc/chromium/src/chrome/common/ipc_channel_posix.cc, line 353
1519496776204	geckodriver	INFO	geckodriver 0.19.1
1519496776208	geckodriver	INFO	Listening on 127.0.0.1:41525
1519496777300	mozrunner::runner	INFO	Running command: "/usr/bin/firefox" "-marionette" "-profile" "/tmp/rust_mozprofile.UOTv5nfvA8Ln"
1519496777860	Marionette	INFO	Enabled via --marionette
JavaScript error: jar:file:///usr/lib/firefox/omni.ja!/components/addonsInfo.js, line 91: SyntaxError: "0"-prefixed octal literals and octal escape sequences are deprecated; for octal literals use the "0o" prefix instead
1519496779130	Marionette	INFO	Listening on port 40641
1519496779210	Marionette	WARN	TLS certificate errors will be ignored for this session
[GFX1-]: Receive IPC close with reason=AbnormalShutdown
[Child 27178, Chrome_ChildThread] WARNING: pipe error (3): Connexion ré-initialisée par le correspondant: file /build/firefox-MqZXKo/firefox-58.0.1/ipc/chromium/src/chrome/common/ipc_channel_posix.cc, line 353
[Child 27103, Chrome_ChildThread] WARNING: pipe error (19): Connexion ré-initialisée par le correspondant: file /build/firefox-MqZXKo/firefox-58.0.1/ipc/chromium/src/chrome/common/ipc_channel_posix.cc, line 353
[Child 27103, Chrome_ChildThread] WARNING: pipe error (31): Connexion ré-initialisée par le correspondant: file /build/firefox-MqZXKo/firefox-58.0.1/ipc/chromium/src/chrome/common/ipc_channel_posix.cc, line 353
[Child 27103, Chrome_ChildThread] WARNING: pipe error (3): Connexion ré-initialisée par le correspondant: file /build/firefox-MqZXKo/firefox-58.0.1/ipc/chromium/src/chrome/common/ipc_channel_posix.cc, line 353
1519496831024	geckodriver	INFO	geckodriver 0.19.1
1519496831029	geckodriver	INFO	Listening on 127.0.0.1:52795
1519496832107	mozrunner::runner	INFO	Running command: "/usr/bin/firefox" "-marionette" "-profile" "/tmp/rust_mozprofile.cvWsDaK9jiv0"
1519496832597	Marionette	INFO	Enabled via --marionette
JavaScript error: jar:file:///usr/lib/firefox/omni.ja!/components/addonsInfo.js, line 91: SyntaxError: "0"-prefixed octal literals and octal escape sequences are deprecated; for octal literals use the "0o" prefix instead
1519496833710	Marionette	INFO	Listening on port 43281
1519496833727	Marionette	WARN	TLS certificate errors will be ignored for this session
1519496947245	geckodriver	INFO	geckodriver 0.19.1
1519496947249	geckodriver	INFO	Listening on 127.0.0.1:58597
1519496948344	mozrunner::runner	INFO	Running command: "/usr/bin/firefox" "-marionette" "-profile" "/tmp/rust_mozprofile.u5YKXTKw2c9X"
1519496948996	Marionette	INFO	Enabled via --marionette
JavaScript error: jar:file:///usr/lib/firefox/omni.ja!/components/addonsInfo.js, line 91: SyntaxError: "0"-prefixed octal literals and octal escape sequences are deprecated; for octal literals use the "0o" prefix instead
1519496950451	Marionette	INFO	Listening on port 32783
1519496950569	Marionette	WARN	TLS certificate errors will be ignored for this session
1519496972010	geckodriver	INFO	geckodriver 0.19.1
1519496972014	geckodriver	INFO	Listening on 127.0.0.1:55997
1519496973093	mozrunner::runner	INFO	Running command: "/usr/bin/firefox" "-marionette" "-profile" "/tmp/rust_mozprofile.GHkWfs6PUp3Y"
1519496973567	Marionette	INFO	Enabled via --marionette
JavaScript error: jar:file:///usr/lib/firefox/omni.ja!/components/addonsInfo.js, line 91: SyntaxError: "0"-prefixed octal literals and octal escape sequences are deprecated; for octal literals use the "0o" prefix instead
1519496974680	Marionette	INFO	Listening on port 41071
1519496974700	Marionette	WARN	TLS certificate errors will be ignored for this session
[Child 28554, Chrome_ChildThread] WARNING: pipe error (19): Connexion ré-initialisée par le correspondant: file /build/firefox-MqZXKo/firefox-58.0.1/ipc/chromium/src/chrome/common/ipc_channel_posix.cc, line 353
[Child 28554, Chrome_ChildThread] WARNING: pipe error (31): Connexion ré-initialisée par le correspondant: file /build/firefox-MqZXKo/firefox-58.0.1/ipc/chromium/src/chrome/common/ipc_channel_posix.cc, line 353
[Child 28554, Chrome_ChildThread] WARNING: pipe error (3): Connexion ré-initialisée par le correspondant: file /build/firefox-MqZXKo/firefox-58.0.1/ipc/chromium/src/chrome/common/ipc_channel_posix.cc, line 353
1519497125941	geckodriver	INFO	geckodriver 0.19.1
1519497125944	geckodriver	INFO	Listening on 127.0.0.1:36561
1519497127041	mozrunner::runner	INFO	Running command: "/usr/bin/firefox" "-marionette" "-profile" "/tmp/rust_mozprofile.NyGNcy7lYykZ"
1519497127562	Marionette	INFO	Enabled via --marionette
JavaScript error: jar:file:///usr/lib/firefox/omni.ja!/components/addonsInfo.js, line 91: SyntaxError: "0"-prefixed octal literals and octal escape sequences are deprecated; for octal literals use the "0o" prefix instead
1519497128949	Marionette	INFO	Listening on port 38445
1519497129227	Marionette	WARN	TLS certificate errors will be ignored for this session
[Child 29440, Chrome_ChildThread] WARNING: pipe error (17): Connexion ré-initialisée par le correspondant: file /build/firefox-MqZXKo/firefox-58.0.1/ipc/chromium/src/chrome/common/ipc_channel_posix.cc, line 353
[Child 29440, Chrome_ChildThread] WARNING: pipe error (31): Connexion ré-initialisée par le correspondant: file /build/firefox-MqZXKo/firefox-58.0.1/ipc/chromium/src/chrome/common/ipc_channel_posix.cc, line 353
[Child 29440, Chrome_ChildThread] WARNING: pipe error (3): Connexion ré-initialisée par le correspondant: file /build/firefox-MqZXKo/firefox-58.0.1/ipc/chromium/src/chrome/common/ipc_channel_posix.cc, line 353
1519497130784	geckodriver	INFO	geckodriver 0.19.1
1519497130787	geckodriver	INFO	Listening on 127.0.0.1:36773
1519497131876	mozrunner::runner	INFO	Running command: "/usr/bin/firefox" "-marionette" "-profile" "/tmp/rust_mozprofile.OwObP82KDsIZ"
1519497132368	Marionette	INFO	Enabled via --marionette
JavaScript error: jar:file:///usr/lib/firefox/omni.ja!/components/addonsInfo.js, line 91: SyntaxError: "0"-prefixed octal literals and octal escape sequences are deprecated; for octal literals use the "0o" prefix instead
1519497133526	Marionette	INFO	Listening on port 36705
1519497133590	Marionette	WARN	TLS certificate errors will be ignored for this session
1519497430219	geckodriver	INFO	geckodriver 0.19.1
1519497430224	geckodriver	INFO	Listening on 127.0.0.1:44383
1519497431301	mozrunner::runner	INFO	Running command: "/usr/bin/firefox" "-marionette" "-profile" "/tmp/rust_mozprofile.Q7nz6GCNojZd"
1519497431789	Marionette	INFO	Enabled via --marionette
JavaScript error: jar:file:///usr/lib/firefox/omni.ja!/components/addonsInfo.js, line 91: SyntaxError: "0"-prefixed octal literals and octal escape sequences are deprecated; for octal literals use the "0o" prefix instead
1519497432976	Marionette	INFO	Listening on port 32943
1519497433011	Marionette	WARN	TLS certificate errors will be ignored for this session
1519497439496	geckodriver	INFO	geckodriver 0.19.1
1519497439500	geckodriver	INFO	Listening on 127.0.0.1:55553
1519497440585	mozrunner::runner	INFO	Running command: "/usr/bin/firefox" "-marionette" "-profile" "/tmp/rust_mozprofile.EwWFe9eno4lt"
1519497441084	Marionette	INFO	Enabled via --marionette
JavaScript error: jar:file:///usr/lib/firefox/omni.ja!/components/addonsInfo.js, line 91: SyntaxError: "0"-prefixed octal literals and octal escape sequences are deprecated; for octal literals use the "0o" prefix instead
1519497442203	Marionette	INFO	Listening on port 36703
1519497442295	Marionette	WARN	TLS certificate errors will be ignored for this session
1519497457659	geckodriver	INFO	geckodriver 0.19.1
1519497457664	geckodriver	INFO	Listening on 127.0.0.1:40209
1519497458742	mozrunner::runner	INFO	Running command: "/usr/bin/firefox" "-marionette" "-profile" "/tmp/rust_mozprofile.87l9hp7EO3PT"
1519497459230	Marionette	INFO	Enabled via --marionette
JavaScript error: jar:file:///usr/lib/firefox/omni.ja!/components/addonsInfo.js, line 91: SyntaxError: "0"-prefixed octal literals and octal escape sequences are deprecated; for octal literals use the "0o" prefix instead
1519497460612	Marionette	INFO	Listening on port 40493
1519497460654	Marionette	WARN	TLS certificate errors will be ignored for this session
[Child 31716, Chrome_ChildThread] WARNING: pipe error (20): Connexion ré-initialisée par le correspondant: file /build/firefox-MqZXKo/firefox-58.0.1/ipc/chromium/src/chrome/common/ipc_channel_posix.cc, line 353
[Child 31716, Chrome_ChildThread] WARNING: pipe error (3): Connexion ré-initialisée par le correspondant: file /build/firefox-MqZXKo/firefox-58.0.1/ipc/chromium/src/chrome/common/ipc_channel_posix.cc, line 353
1519497478572	geckodriver	INFO	geckodriver 0.19.1
1519497478577	geckodriver	INFO	Listening on 127.0.0.1:51917
1519497479659	mozrunner::runner	INFO	Running command: "/usr/bin/firefox" "-marionette" "-profile" "/tmp/rust_mozprofile.CeT3J1Hwj663"
1519497480138	Marionette	INFO	Enabled via --marionette
JavaScript error: jar:file:///usr/lib/firefox/omni.ja!/components/addonsInfo.js, line 91: SyntaxError: "0"-prefixed octal literals and octal escape sequences are deprecated; for octal literals use the "0o" prefix instead
1519497481296	Marionette	INFO	Listening on port 38147
1519497481367	Marionette	WARN	TLS certificate errors will be ignored for this session
[Child 32020, Chrome_ChildThread] WARNING: pipe error (19): Connexion ré-initialisée par le correspondant: file /build/firefox-MqZXKo/firefox-58.0.1/ipc/chromium/src/chrome/common/ipc_channel_posix.cc, line 353
[Child 32020, Chrome_ChildThread] WARNING: pipe error (3): Connexion ré-initialisée par le correspondant: file /build/firefox-MqZXKo/firefox-58.0.1/ipc/chromium/src/chrome/common/ipc_channel_posix.cc, line 353
1519497492721	geckodriver	INFO	geckodriver 0.19.1
1519497492726	geckodriver	INFO	Listening on 127.0.0.1:58221
1519497493812	mozrunner::runner	INFO	Running command: "/usr/bin/firefox" "-marionette" "-profile" "/tmp/rust_mozprofile.4AT6eiNidLvt"
1519497494282	Marionette	INFO	Enabled via --marionette
JavaScript error: jar:file:///usr/lib/firefox/omni.ja!/components/addonsInfo.js, line 91: SyntaxError: "0"-prefixed octal literals and octal escape sequences are deprecated; for octal literals use the "0o" prefix instead
1519497495466	Marionette	INFO	Listening on port 44339
1519497495520	Marionette	WARN	TLS certificate errors will be ignored for this session
[Child 32292, Chrome_ChildThread] WARNING: pipe error (20): Connexion ré-initialisée par le correspondant: file /build/firefox-MqZXKo/firefox-58.0.1/ipc/chromium/src/chrome/common/ipc_channel_posix.cc, line 353
[Child 32292, Chrome_ChildThread] WARNING: pipe error (31): Connexion ré-initialisée par le correspondant: file /build/firefox-MqZXKo/firefox-58.0.1/ipc/chromium/src/chrome/common/ipc_channel_posix.cc, line 353
[Child 32292, Chrome_ChildThread] WARNING: pipe error (3): Connexion ré-initialisée par le correspondant: file /build/firefox-MqZXKo/firefox-58.0.1/ipc/chromium/src/chrome/common/ipc_channel_posix.cc, line 353
1519497514600	geckodriver	INFO	geckodriver 0.19.1
1519497514605	geckodriver	INFO	Listening on 127.0.0.1:58401
1519497515688	mozrunner::runner	INFO	Running command: "/usr/bin/firefox" "-marionette" "-profile" "/tmp/rust_mozprofile.xCQuCnSWEdEe"
1519497516163	Marionette	INFO	Enabled via --marionette
JavaScript error: jar:file:///usr/lib/firefox/omni.ja!/components/addonsInfo.js, line 91: SyntaxError: "0"-prefixed octal literals and octal escape sequences are deprecated; for octal literals use the "0o" prefix instead
1519497517382	Marionette	INFO	Listening on port 46173
1519497517402	Marionette	WARN	TLS certificate errors will be ignored for this session
1519497530266	geckodriver	INFO	geckodriver 0.19.1
1519497530270	geckodriver	INFO	Listening on 127.0.0.1:51075
1519497531354	mozrunner::runner	INFO	Running command: "/usr/bin/firefox" "-marionette" "-profile" "/tmp/rust_mozprofile.STiJbIFRet27"
1519497531860	Marionette	INFO	Enabled via --marionette
JavaScript error: jar:file:///usr/lib/firefox/omni.ja!/components/addonsInfo.js, line 91: SyntaxError: "0"-prefixed octal literals and octal escape sequences are deprecated; for octal literals use the "0o" prefix instead
1519497533004	Marionette	INFO	Listening on port 44327
1519497533070	Marionette	WARN	TLS certificate errors will be ignored for this session
1519497552276	geckodriver	INFO	geckodriver 0.19.1
1519497552281	geckodriver	INFO	Listening on 127.0.0.1:45941
1519497553367	mozrunner::runner	INFO	Running command: "/usr/bin/firefox" "-marionette" "-profile" "/tmp/rust_mozprofile.6PiUjwSlGUTx"
1519497553938	Marionette	INFO	Enabled via --marionette
JavaScript error: jar:file:///usr/lib/firefox/omni.ja!/components/addonsInfo.js, line 91: SyntaxError: "0"-prefixed octal literals and octal escape sequences are deprecated; for octal literals use the "0o" prefix instead
1519497555455	Marionette	INFO	Listening on port 40463
1519497555478	Marionette	WARN	TLS certificate errors will be ignored for this session
1519497565353	geckodriver	INFO	geckodriver 0.19.1
1519497565356	geckodriver	INFO	Listening on 127.0.0.1:58505
1519497566441	mozrunner::runner	INFO	Running command: "/usr/bin/firefox" "-marionette" "-profile" "/tmp/rust_mozprofile.I0F1JNXPLVWY"
1519497566936	Marionette	INFO	Enabled via --marionette
JavaScript error: jar:file:///usr/lib/firefox/omni.ja!/components/addonsInfo.js, line 91: SyntaxError: "0"-prefixed octal literals and octal escape sequences are deprecated; for octal literals use the "0o" prefix instead
1519497568105	Marionette	INFO	Listening on port 33429
1519497568150	Marionette	WARN	TLS certificate errors will be ignored for this session
1519497594960	geckodriver	INFO	geckodriver 0.19.1
1519497594963	geckodriver	INFO	Listening on 127.0.0.1:44215
1519497596044	mozrunner::runner	INFO	Running command: "/usr/bin/firefox" "-marionette" "-profile" "/tmp/rust_mozprofile.GWJ9QZjQ9Brd"
1519497596550	Marionette	INFO	Enabled via --marionette
JavaScript error: jar:file:///usr/lib/firefox/omni.ja!/components/addonsInfo.js, line 91: SyntaxError: "0"-prefixed octal literals and octal escape sequences are deprecated; for octal literals use the "0o" prefix instead
1519497597689	Marionette	INFO	Listening on port 38229
1519497597759	Marionette	WARN	TLS certificate errors will be ignored for this session
1519497629217	geckodriver	INFO	geckodriver 0.19.1
1519497629222	geckodriver	INFO	Listening on 127.0.0.1:42349
1519497630303	mozrunner::runner	INFO	Running command: "/usr/bin/firefox" "-marionette" "-profile" "/tmp/rust_mozprofile.q4h7Mq6DHPuo"
1519497630866	Marionette	INFO	Enabled via --marionette
JavaScript error: jar:file:///usr/lib/firefox/omni.ja!/components/addonsInfo.js, line 91: SyntaxError: "0"-prefixed octal literals and octal escape sequences are deprecated; for octal literals use the "0o" prefix instead
1519497632248	Marionette	INFO	Listening on port 44619
1519497632317	Marionette	WARN	TLS certificate errors will be ignored for this session
1519497641957	geckodriver	INFO	geckodriver 0.19.1
1519497641962	geckodriver	INFO	Listening on 127.0.0.1:35759
1519497643043	mozrunner::runner	INFO	Running command: "/usr/bin/firefox" "-marionette" "-profile" "/tmp/rust_mozprofile.aCDvtDsOXlFQ"
1519497643589	Marionette	INFO	Enabled via --marionette
JavaScript error: jar:file:///usr/lib/firefox/omni.ja!/components/addonsInfo.js, line 91: SyntaxError: "0"-prefixed octal literals and octal escape sequences are deprecated; for octal literals use the "0o" prefix instead
1519497644854	Marionette	INFO	Listening on port 42319
1519497644981	Marionette	WARN	TLS certificate errors will be ignored for this session
1519497671772	geckodriver	INFO	geckodriver 0.19.1
1519497671776	geckodriver	INFO	Listening on 127.0.0.1:42275
1519497672861	mozrunner::runner	INFO	Running command: "/usr/bin/firefox" "-marionette" "-profile" "/tmp/rust_mozprofile.eYXXsvVdRPwb"
1519497673396	Marionette	INFO	Enabled via --marionette
JavaScript error: jar:file:///usr/lib/firefox/omni.ja!/components/addonsInfo.js, line 91: SyntaxError: "0"-prefixed octal literals and octal escape sequences are deprecated; for octal literals use the "0o" prefix instead
1519497674581	Marionette	INFO	Listening on port 35203
1519497674669	Marionette	WARN	TLS certificate errors will be ignored for this session
1519497685680	geckodriver	INFO	geckodriver 0.19.1
1519497685684	geckodriver	INFO	Listening on 127.0.0.1:45133
1519497686769	mozrunner::runner	INFO	Running command: "/usr/bin/firefox" "-marionette" "-profile" "/tmp/rust_mozprofile.Cc92rIoA496b"
1519497687287	Marionette	INFO	Enabled via --marionette
JavaScript error: jar:file:///usr/lib/firefox/omni.ja!/components/addonsInfo.js, line 91: SyntaxError: "0"-prefixed octal literals and octal escape sequences are deprecated; for octal literals use the "0o" prefix instead
1519497688489	Marionette	INFO	Listening on port 33771
1519497688578	Marionette	WARN	TLS certificate errors will be ignored for this session
[Child 3276, Chrome_ChildThread] WARNING: pipe error (19): Connexion ré-initialisée par le correspondant: file /build/firefox-MqZXKo/firefox-58.0.1/ipc/chromium/src/chrome/common/ipc_channel_posix.cc, line 353
[Child 3276, Chrome_ChildThread] WARNING: pipe error (31): Connexion ré-initialisée par le correspondant: file /build/firefox-MqZXKo/firefox-58.0.1/ipc/chromium/src/chrome/common/ipc_channel_posix.cc, line 353
[Child 3276, Chrome_ChildThread] WARNING: pipe error (3): Connexion ré-initialisée par le correspondant: file /build/firefox-MqZXKo/firefox-58.0.1/ipc/chromium/src/chrome/common/ipc_channel_posix.cc, line 353
1519497896601	geckodriver	INFO	geckodriver 0.19.1
1519497896603	geckodriver	INFO	Listening on 127.0.0.1:34843
1519497897690	mozrunner::runner	INFO	Running command: "/usr/bin/firefox" "-marionette" "-profile" "/tmp/rust_mozprofile.NKjx5DWbFNl5"
1519497898230	Marionette	INFO	Enabled via --marionette
JavaScript error: jar:file:///usr/lib/firefox/omni.ja!/components/addonsInfo.js, line 91: SyntaxError: "0"-prefixed octal literals and octal escape sequences are deprecated; for octal literals use the "0o" prefix instead
1519497899749	Marionette	INFO	Listening on port 35325
1519497899821	Marionette	WARN	TLS certificate errors will be ignored for this session
[Child 4422, Chrome_ChildThread] WARNING: pipe error (19): Connexion ré-initialisée par le correspondant: file /build/firefox-MqZXKo/firefox-58.0.1/ipc/chromium/src/chrome/common/ipc_channel_posix.cc, line 353
[Child 4422, Chrome_ChildThread] WARNING: pipe error (31): Connexion ré-initialisée par le correspondant: file /build/firefox-MqZXKo/firefox-58.0.1/ipc/chromium/src/chrome/common/ipc_channel_posix.cc, line 353
[Child 4422, Chrome_ChildThread] WARNING: pipe error (3): Connexion ré-initialisée par le correspondant: file /build/firefox-MqZXKo/firefox-58.0.1/ipc/chromium/src/chrome/common/ipc_channel_posix.cc, line 353
1519498254485	geckodriver	INFO	geckodriver 0.19.1
1519498254488	geckodriver	INFO	Listening on 127.0.0.1:54373
1519498255578	mozrunner::runner	INFO	Running command: "/usr/bin/firefox" "-marionette" "-profile" "/tmp/rust_mozprofile.XWl4KcbDPqoG"
1519498256109	Marionette	INFO	Enabled via --marionette
JavaScript error: jar:file:///usr/lib/firefox/omni.ja!/components/addonsInfo.js, line 91: SyntaxError: "0"-prefixed octal literals and octal escape sequences are deprecated; for octal literals use the "0o" prefix instead
1519498257433	Marionette	INFO	Listening on port 45075
1519498257495	Marionette	WARN	TLS certificate errors will be ignored for this session
